<?xml version="1.0" encoding="UTF-8"?>
<!-- Generated by org.testng.reporters.JUnitReportReporter -->
<testsuite hostname="DESKTOP-FQAL2IK" failures="0" tests="1" name="com.hrms.testscripts.TC003" time="13.233" errors="0" timestamp="2023-08-25T17:37:35 IST" skipped="0">
  <testcase classname="com.hrms.testscripts.TC003" name="tc003" time="13.233">
    <system-out>
      <![CDATA[OpenApplication
Verify page is completed
login completed
EnterFrame: webpage inside one more page is called Frame
DeleteEmployee completed
Logout functionality completed]]>
    </system-out>
  </testcase> <!-- tc003 -->
  <system-out>
    <![CDATA[OpenApplication
login completed
Logout functionality completed
OpenApplication
login completed
EnterFrame: webpage inside one more page is called Frame
OpenApplication
Verify page is completed
login completed
EnterFrame: webpage inside one more page is called Frame
DeleteEmployee completed
Logout functionality completed]]>
  </system-out>
</testsuite> <!-- com.hrms.testscripts.TC003 -->
