<?xml version="1.0" encoding="UTF-8"?>
<!-- Generated by org.testng.reporters.JUnitReportReporter -->
<testsuite hostname="DESKTOP-FQAL2IK" failures="0" tests="1" name="hrms.packages.TestScript.Tc002" time="13.733" errors="0" timestamp="2023-08-25T17:26:27 IST" skipped="0">
  <testcase classname="hrms.packages.TestScript.Tc002" name="mouseover" time="13.733">
    <system-out>
      <![CDATA[OpenApplication
login application completed
click on pim mouseover
 Enter frame completed
 add new employee
 Exit frame completed
 Exitrame completed
close Application]]>
    </system-out>
  </testcase> <!-- mouseover -->
  <system-out>
    <![CDATA[OpenApplication
login application completed
logout button completed
close Application
OpenApplication
login application completed
click on pim mouseover
 Enter frame completed
 add new employee
 Exit frame completed
 Exitrame completed
close Application
OpenApplication
login application completed
click on pim mouseover
 Enter frame completed
 delete employee completed
 Exit frame completed
 Exitrame completed
logout button completed
close Application]]>
  </system-out>
</testsuite> <!-- hrms.packages.TestScript.Tc002 -->
